[handleMsg]:  {
  key: {
    remoteJid: '573187924105@s.whatsapp.net',
    fromMe: false,
    id: '3A33E983D1A7B7B58A06',
    participant: undefined
  },
  messageTimestamp: 1732139169,
  pushName: 'Piere Padilla',
  broadcast: false,
  messageStubType: 2,
  messageStubParameters: [ 'Invalid PreKey ID' ],
  body: undefined,
  from: '573187924105'
}
[handleMsg]:  {
  key: {
    remoteJid: '573187924105@s.whatsapp.net',
    fromMe: false,
    id: '3A33E983D1A7B7B58A06',
    participant: undefined
  },
  messageTimestamp: 1732139170,
  pushName: 'Piere Padilla',
  broadcast: false,
  messageStubType: 2,
  messageStubParameters: [ 'Invalid PreKey ID' ],
  body: undefined,
  from: '573187924105'
}
[handleMsg]:  {
  key: {
    remoteJid: '573187924105@s.whatsapp.net',
    fromMe: false,
    id: '3A33E983D1A7B7B58A06',
    participant: undefined
  },
  messageTimestamp: 1732139170,
  pushName: 'Piere Padilla',
  broadcast: false,
  messageStubType: 2,
  messageStubParameters: [ 'Invalid PreKey ID' ],
  body: undefined,
  from: '573187924105'
}
[handleMsg]:  {
  key: {
    remoteJid: '573187924105@s.whatsapp.net',
    fromMe: false,
    id: '3A33E983D1A7B7B58A06',
    participant: undefined
  },
  messageTimestamp: 1732139171,
  pushName: 'Piere Padilla',
  broadcast: false,
  messageStubType: 2,
  messageStubParameters: [ 'Invalid PreKey ID' ],
  body: undefined,
  from: '573187924105'
}
[handleMsg]:  {
  key: {
    remoteJid: '573187924105@s.whatsapp.net',
    fromMe: false,
    id: '3A33E983D1A7B7B58A06',
    participant: undefined
  },
  messageTimestamp: 1732139172,
  pushName: 'Piere Padilla',
  broadcast: false,
  messageStubType: 2,
  messageStubParameters: [ 'Invalid PreKey ID' ],
  body: undefined,
  from: '573187924105'
}
[handleMsg]:  {
  key: {
    remoteJid: '573187924105@s.whatsapp.net',
    fromMe: false,
    id: '3AFA3B64E4BC24E6CB60',
    participant: undefined
  },
  messageTimestamp: 1732139174,
  pushName: 'Piere Padilla',
  broadcast: false,
  messageStubType: 2,
  messageStubParameters: [ 'Invalid PreKey ID' ],
  body: undefined,
  from: '573187924105'
}
[handleMsg]:  {
  key: {
    remoteJid: '573187924105@s.whatsapp.net',
    fromMe: false,
    id: '3AFA3B64E4BC24E6CB60',
    participant: undefined
  },
  messageTimestamp: 1732139175,
  pushName: 'Piere Padilla',
  broadcast: false,
  messageStubType: 2,
  messageStubParameters: [ 'Invalid PreKey ID' ],
  body: undefined,
  from: '573187924105'
}
[handleMsg]:  {
  key: {
    remoteJid: '573187924105@s.whatsapp.net',
    fromMe: false,
    id: '3AFA3B64E4BC24E6CB60',
    participant: undefined
  },
  messageTimestamp: 1732139175,
  pushName: 'Piere Padilla',
  broadcast: false,
  messageStubType: 2,
  messageStubParameters: [ 'Invalid PreKey ID' ],
  body: undefined,
  from: '573187924105'
}
[handleMsg]:  {
  key: {
    remoteJid: '573187924105@s.whatsapp.net',
    fromMe: false,
    id: '3AFA3B64E4BC24E6CB60',
    participant: undefined
  },
  messageTimestamp: 1732139177,
  pushName: 'Piere Padilla',
  broadcast: false,
  messageStubType: 2,
  messageStubParameters: [ 'Invalid PreKey ID' ],
  body: undefined,
  from: '573187924105'
}
[handleMsg]:  {
  key: {
    remoteJid: '573187924105@s.whatsapp.net',
    fromMe: false,
    id: '3AFA3B64E4BC24E6CB60',
    participant: undefined
  },
  messageTimestamp: 1732139177,
  pushName: 'Piere Padilla',
  broadcast: false,
  messageStubType: 2,
  messageStubParameters: [ 'Invalid PreKey ID' ],
  body: undefined,
  from: '573187924105'
}
[handleMsg]:  {
  key: {
    remoteJid: '573187924105@s.whatsapp.net',
    fromMe: false,
    id: '3AB7BB4FB5D427A99EF7',
    participant: undefined
  },
  messageTimestamp: 1732139182,
  pushName: 'Piere Padilla',
  broadcast: false,
  messageStubType: 2,
  messageStubParameters: [ 'Invalid PreKey ID' ],
  body: undefined,
  from: '573187924105'
}
[handleMsg]:  {
  key: {
    remoteJid: '573187924105@s.whatsapp.net',
    fromMe: false,
    id: '3AB7BB4FB5D427A99EF7',
    participant: undefined
  },
  messageTimestamp: 1732139182,
  pushName: 'Piere Padilla',
  broadcast: false,
  messageStubType: 2,
  messageStubParameters: [ 'Invalid PreKey ID' ],
  body: undefined,
  from: '573187924105'
}
[handleMsg]:  {
  key: {
    remoteJid: '573187924105@s.whatsapp.net',
    fromMe: false,
    id: '3AB7BB4FB5D427A99EF7',
    participant: undefined
  },
  messageTimestamp: 1732139183,
  pushName: 'Piere Padilla',
  broadcast: false,
  messageStubType: 2,
  messageStubParameters: [ 'Invalid PreKey ID' ],
  body: undefined,
  from: '573187924105'
}
[handleMsg]:  {
  key: {
    remoteJid: '573187924105@s.whatsapp.net',
    fromMe: false,
    id: '3AB7BB4FB5D427A99EF7',
    participant: undefined
  },
  messageTimestamp: 1732139184,
  pushName: 'Piere Padilla',
  broadcast: false,
  messageStubType: 2,
  messageStubParameters: [ 'Invalid PreKey ID' ],
  body: undefined,
  from: '573187924105'
}
[handleMsg]:  {
  key: {
    remoteJid: '573187924105@s.whatsapp.net',
    fromMe: false,
    id: '3AB7BB4FB5D427A99EF7',
    participant: undefined
  },
  messageTimestamp: 1732139185,
  pushName: 'Piere Padilla',
  broadcast: false,
  messageStubType: 2,
  messageStubParameters: [ 'Invalid PreKey ID' ],
  body: undefined,
  from: '573187924105'
}
[handleMsg]:  {
  key: {
    remoteJid: '573187924105@s.whatsapp.net',
    fromMe: false,
    id: '3ABAB2D42D50C0F21BC0',
    participant: undefined
  },
  messageTimestamp: 1732139194,
  pushName: 'Piere Padilla',
  broadcast: false,
  messageStubType: 2,
  messageStubParameters: [ 'Invalid PreKey ID' ],
  body: undefined,
  from: '573187924105'
}
[handleMsg]:  {
  key: {
    remoteJid: '573187924105@s.whatsapp.net',
    fromMe: false,
    id: '3ABAB2D42D50C0F21BC0',
    participant: undefined
  },
  messageTimestamp: 1732139195,
  pushName: 'Piere Padilla',
  broadcast: false,
  messageStubType: 2,
  messageStubParameters: [ 'Invalid PreKey ID' ],
  body: undefined,
  from: '573187924105'
}
[handleMsg]:  {
  key: {
    remoteJid: '573187924105@s.whatsapp.net',
    fromMe: false,
    id: '3ABAB2D42D50C0F21BC0',
    participant: undefined
  },
  messageTimestamp: 1732139197,
  pushName: 'Piere Padilla',
  broadcast: false,
  messageStubType: 2,
  messageStubParameters: [ 'Invalid PreKey ID' ],
  body: undefined,
  from: '573187924105'
}
[handleMsg]:  {
  key: {
    remoteJid: '573187924105@s.whatsapp.net',
    fromMe: false,
    id: '3ABAB2D42D50C0F21BC0',
    participant: undefined
  },
  messageTimestamp: 1732139200,
  pushName: 'Piere Padilla',
  broadcast: false,
  messageStubType: 2,
  messageStubParameters: [ 'Invalid PreKey ID' ],
  body: undefined,
  from: '573187924105'
}
[handleMsg]:  {
  key: {
    remoteJid: '573187924105@s.whatsapp.net',
    fromMe: false,
    id: '3ABAB2D42D50C0F21BC0',
    participant: undefined
  },
  messageTimestamp: 1732139203,
  pushName: 'Piere Padilla',
  broadcast: false,
  messageStubType: 2,
  messageStubParameters: [ 'Invalid PreKey ID' ],
  body: undefined,
  from: '573187924105'
}
[handleMsg]:  {
  key: {
    remoteJid: '573187924105@s.whatsapp.net',
    fromMe: false,
    id: '3A173822EB68512965FC',
    participant: undefined
  },
  messageTimestamp: 1732139363,
  pushName: 'Piere Padilla',
  broadcast: false,
  messageStubType: 2,
  messageStubParameters: [ 'Invalid PreKey ID' ],
  body: undefined,
  from: '573187924105'
}
[handleMsg]:  {
  key: {
    remoteJid: '573187924105@s.whatsapp.net',
    fromMe: false,
    id: '3A173822EB68512965FC',
    participant: undefined
  },
  messageTimestamp: 1732139366,
  pushName: 'Piere Padilla',
  broadcast: false,
  messageStubType: 2,
  messageStubParameters: [ 'Invalid PreKey ID' ],
  body: undefined,
  from: '573187924105'
}
[handleMsg]:  {
  key: {
    remoteJid: '573187924105@s.whatsapp.net',
    fromMe: false,
    id: '3A173822EB68512965FC',
    participant: undefined
  },
  messageTimestamp: 1732139367,
  pushName: 'Piere Padilla',
  broadcast: false,
  messageStubType: 2,
  messageStubParameters: [ 'Invalid PreKey ID' ],
  body: undefined,
  from: '573187924105'
}
[handleMsg]:  {
  key: {
    remoteJid: '573187924105@s.whatsapp.net',
    fromMe: false,
    id: '3A173822EB68512965FC',
    participant: undefined
  },
  messageTimestamp: 1732139371,
  pushName: 'Piere Padilla',
  broadcast: false,
  message: Message {
    conversation: 'Creo que si',
    messageContextInfo: MessageContextInfo {
      deviceListMetadata: [DeviceListMetadata],
      deviceListMetadataVersion: 2,
      messageSecret: [Uint8Array]
    }
  },
  body: 'Creo que si',
  from: '573187924105'
}
[handleMsg]:  {
  key: {
    remoteJid: '573187924105@s.whatsapp.net',
    fromMe: false,
    id: '3A8F148CAB7076DE992F',
    participant: undefined
  },
  messageTimestamp: 1732139388,
  pushName: 'Piere Padilla',
  broadcast: false,
  message: Message {
    conversation: 'Cuando estén allá de todas formas mandan ubicación',
    messageContextInfo: MessageContextInfo {
      deviceListMetadata: [DeviceListMetadata],
      deviceListMetadataVersion: 2,
      messageSecret: [Uint8Array]
    }
  },
  body: 'Cuando estén allá de todas formas mandan ubicación',
  from: '573187924105'
}
[handleMsg]:  {
  key: {
    remoteJid: '573215905738@s.whatsapp.net',
    fromMe: false,
    id: '3A55646EA73A7768A847',
    participant: undefined
  },
  messageTimestamp: 1732139627,
  pushName: 'Leadys Gonzalez M❤️',
  broadcast: false,
  message: Message {
    conversation: 'Holaaa',
    messageContextInfo: MessageContextInfo {
      deviceListMetadata: [DeviceListMetadata],
      deviceListMetadataVersion: 2,
      messageSecret: [Uint8Array]
    }
  },
  body: 'Holaaa',
  from: '573215905738'
}
[handleMsg]:  {
  key: {
    remoteJid: '573215905738@s.whatsapp.net',
    fromMe: false,
    id: '3AE89CE6D5BC0F336085',
    participant: undefined
  },
  messageTimestamp: 1732139629,
  pushName: 'Leadys Gonzalez M❤️',
  broadcast: false,
  message: Message {
    conversation: 'No escuché nada',
    messageContextInfo: MessageContextInfo {
      deviceListMetadata: [DeviceListMetadata],
      deviceListMetadataVersion: 2,
      messageSecret: [Uint8Array]
    }
  },
  body: 'No escuché nada',
  from: '573215905738'
}
[handleMsg]:  {
  key: {
    remoteJid: '573215905738@s.whatsapp.net',
    fromMe: false,
    id: '3A2023788B1D944C34DB',
    participant: undefined
  },
  messageTimestamp: 1732139630,
  pushName: 'Leadys Gonzalez M❤️',
  broadcast: false,
  message: Message {
    conversation: 'Se colgó',
    messageContextInfo: MessageContextInfo {
      deviceListMetadata: [DeviceListMetadata],
      deviceListMetadataVersion: 2,
      messageSecret: [Uint8Array]
    }
  },
  body: 'Se colgó',
  from: '573215905738'
}
[handleMsg]:  {
  key: {
    remoteJid: '573052223515@s.whatsapp.net',
    fromMe: false,
    id: '3AA3FCE3C80D41444111932A126908E0',
    participant: undefined
  },
  messageTimestamp: 1732139661,
  pushName: 'Nahuel Castro',
  broadcast: false,
  message: Message {
    conversation: 'Buenas tardes, bien gracias. Confirmo asistencia, si asistiré.',
    messageContextInfo: MessageContextInfo {
      deviceListMetadata: [DeviceListMetadata],
      deviceListMetadataVersion: 2,
      messageSecret: [Uint8Array]
    }
  },
  body: 'Buenas tardes, bien gracias. Confirmo asistencia, si asistiré.',
  from: '573052223515'
}
[handleMsg]:  {
  key: {
    remoteJid: '573007150056@s.whatsapp.net',
    fromMe: false,
    id: '08C50F30D9042803469A243FE093C032',
    participant: undefined
  },
  messageTimestamp: 1732140210,
  pushName: 'Beatriz Reyes',
  broadcast: false,
  message: Message {
    conversation: 'Confirmo asistencia',
    messageContextInfo: MessageContextInfo {
      deviceListMetadata: [DeviceListMetadata],
      deviceListMetadataVersion: 2,
      messageSecret: [Uint8Array]
    }
  },
  verifiedBizName: 'Beatriz Reyes',
  body: 'Confirmo asistencia',
  from: '573007150056'
}
[handleMsg]:  {
  key: {
    remoteJid: '573007150056@s.whatsapp.net',
    fromMe: false,
    id: '2160C7E0D8158D643C0A6AF0049635C5',
    participant: undefined
  },
  messageTimestamp: 1732140224,
  pushName: 'Beatriz Reyes',
  broadcast: false,
  message: Message {
    conversation: 'Ya lo había hecho por la encuesta',
    messageContextInfo: MessageContextInfo {
      deviceListMetadata: [DeviceListMetadata],
      deviceListMetadataVersion: 2,
      messageSecret: [Uint8Array]
    }
  },
  verifiedBizName: 'Beatriz Reyes',
  body: 'Ya lo había hecho por la encuesta',
  from: '573007150056'
}
